#
# A fatal error has been detected by the Java Runtime Environment:
#
#  SIGSEGV (0xb) at pc=0x08080e93, pid=23216, tid=3063129808
#
# JRE version: 6.0_14-b08
# Java VM: Java HotSpot(TM) Client VM (14.0-b16 mixed mode, sharing linux-x86 )
# Problematic frame:
# C  [jsimple+0x38e93]  _ZN8JMessage15swigSetJavaPeerEP8_jobject+0x9
#
# If you would like to submit a bug report, please visit:
#   http://java.sun.com/webapps/bugreport/crash.jsp
# The crash happened outside the Java Virtual Machine in native code.
# See problematic frame for where to report the bug.
#

---------------  T H R E A D  ---------------

Current thread (0x0adc0400):  JavaThread "main" [_thread_in_native, id=23216, stack(0xbfb7f000,0xbfbcf000)]

siginfo:si_signo=SIGSEGV: si_errno=0, si_code=1 (SEGV_MAPERR), si_addr=0x00000078

Registers:
EAX=0x00000000, EBX=0x8f827e98, ECX=0x0adc0510, EDX=0x0adc0400
ESP=0xbfbcc3d0, EBP=0xbfbcc3e8, ESI=0x8f827e94, EDI=0x0adc0400
EIP=0x08080e93, CR2=0x00000078, EFLAGS=0x00010282

Top of Stack: (sp=0xbfbcc3d0)
0xbfbcc3d0:   b7a1bac4 00000000 0adb8000 bfbcc3e0
0xbfbcc3e0:   0adb8000 0adc0400 bfbcc428 080a72e9
0xbfbcc3f0:   00000000 bfbcc484 bfbcc4b4 bfbcc484
0xbfbcc400:   bfbcc40c bfbcc400 00000000 00000000
0xbfbcc410:   8f827e98 00000000 bfbcc484 bfbcc474
0xbfbcc420:   8f827e98 8f827e94 bfbcc474 b257ff4d
0xbfbcc430:   0adc0510 bfbcc47c 00000000 00000000
0xbfbcc440:   bfbcc488 bfbcc484 0adc0400 0adb8028 

Instructions: (pc=0x08080e93)
0x08080e83:   00 8b 45 ec c9 c3 90 55 89 e5 83 ec 18 8b 45 08
0x08080e93:   8b 40 78 85 c0 74 2c c7 44 24 10 4f 00 00 00 c7 

Stack: [0xbfb7f000,0xbfbcf000],  sp=0xbfbcc3d0,  free space=308k
Native frames: (J=compiled Java code, j=interpreted, Vv=VM code, C=native code)
C  [jsimple+0x38e93]  _ZN8JMessage15swigSetJavaPeerEP8_jobject+0x9
C  [jsimple+0x5f2e9]  Java_org_omnetpp_simkernel_SimkernelJNI_JMessage_1swigSetJavaPeer+0x3b
j  org.omnetpp.simkernel.SimkernelJNI.JMessage_swigSetJavaPeer(JLorg/omnetpp/simkernel/JMessage;Ljava/lang/Object;)V+0
j  org.omnetpp.simkernel.JMessage.swigSetJavaPeer(Ljava/lang/Object;)V+6
j  org.omnetpp.simkernel.JMessage.<init>(JZ)V+11
j  org.omnetpp.simkernel.JMessage.<init>(Ljava/lang/String;)V+6
j  org.omnetpp.jqueue.Job.<init>(Ljava/lang/String;)V+2
j  org.omnetpp.jqueue.modules.Source.handleMessage(Lorg/omnetpp/simkernel/cMessage;)V+55
j  org.omnetpp.simkernel.JSimpleModule.doHandleMessage()V+7
v  ~StubRoutines::call_stub
V  [libjvm.so+0x213560]
V  [libjvm.so+0x326f58]
V  [libjvm.so+0x2133bf]
V  [libjvm.so+0x24385b]
V  [libjvm.so+0x227a92]
C  [jsimple+0x8f15e]  _ZN7JNIEnv_14CallVoidMethodEP8_jobjectP10_jmethodIDz+0x34
C  [jsimple+0x8e840]  _ZN13JSimpleModule13handleMessageEP8cMessage+0x34
C  [liboppsimd.so+0x125a94]  _ZN11cSimulation10doOneEventEP13cSimpleModule+0x1be
C  [libopptkenvd.so+0x36061]  _ZN5Tkenv15doRunSimulationEv+0x225
C  [libopptkenvd.so+0x36499]  _ZN5Tkenv13runSimulationEi7SimTimexP8cMessageP7cModule+0x153
C  [libopptkenvd.so+0x44deb]  _Z19oneStepInModule_cmdPvP10Tcl_InterpiPPKc+0x192
C  [libtcl8.5.so.0+0x1f9b6]  TclInvokeStringCommand+0x76
C  [libtcl8.5.so.0+0x21501]
C  [libtcl8.5.so.0+0x6b139]
C  [libtcl8.5.so.0+0x680d1]
C  [libtcl8.5.so.0+0x22b5d]  TclEvalObjEx+0x17d
C  [libtcl8.5.so.0+0x2d515]
C  [libtcl8.5.so.0+0x21501]
C  [libtcl8.5.so.0+0x6b139]
C  [libtcl8.5.so.0+0xb4a6c]  TclObjInterpProcCore+0x15c
C  [libtcl8.5.so.0+0xb48fb]  TclObjInterpProc+0x6b
C  [libtcl8.5.so.0+0x21501]
C  [libtcl8.5.so.0+0x6b139]
C  [libtcl8.5.so.0+0x680d1]
C  [libtcl8.5.so.0+0x22b5d]  TclEvalObjEx+0x17d
C  [libtcl8.5.so.0+0x229cb]  Tcl_EvalObjEx+0x3b
C  [libtk8.5.so.0+0x4b617]
C  [libtk8.5.so.0+0x4a44e]
C  [libtcl8.5.so.0+0x21501]
C  [libtcl8.5.so.0+0x21834]  Tcl_EvalObjv+0x54
C  [libtcl8.5.so.0+0x22cc2]  TclEvalObjEx+0x2e2
C  [libtcl8.5.so.0+0xb3cd9]
C  [libtcl8.5.so.0+0x21501]
C  [libtcl8.5.so.0+0x6b139]
C  [libtcl8.5.so.0+0xb4a6c]  TclObjInterpProcCore+0x15c
C  [libtcl8.5.so.0+0xb48fb]  TclObjInterpProc+0x6b
C  [libtcl8.5.so.0+0x21501]
C  [libtcl8.5.so.0+0x22295]
C  [libtcl8.5.so.0+0x219de]  Tcl_EvalEx+0x2e
C  [libtk8.5.so.0+0x18f51]  Tk_BindEvent+0x941
C  [libtk8.5.so.0+0x1f9a3]  TkBindEventProc+0x173
C  [libtk8.5.so.0+0x28895]  Tk_HandleEvent+0x225
C  [libtk8.5.so.0+0x28e28]
C  [libtcl8.5.so.0+0xa3e4b]  Tcl_ServiceEvent+0x8b
C  [libtcl8.5.so.0+0xa4179]  Tcl_DoOneEvent+0xb9
C  [libopptkenvd.so+0x471f8]  _Z5runTkP10Tcl_Interp+0x14
C  [libopptkenvd.so+0x37253]  _ZN5Tkenv3runEv+0x8b7
C  [liboppenvird.so+0x67922]  _ZN9EnvirBase3runEiPPcP14cConfiguration+0x194
C  [liboppenvird.so+0x5ef4b]  _Z18setupUserInterfaceiPPcP14cConfiguration+0xdea
C  [liboppenvird.so+0x5fe10]  main+0x64
C  [libc.so.6+0x16775]  __libc_start_main+0xe5

Java frames: (J=compiled Java code, j=interpreted, Vv=VM code)
j  org.omnetpp.simkernel.SimkernelJNI.JMessage_swigSetJavaPeer(JLorg/omnetpp/simkernel/JMessage;Ljava/lang/Object;)V+0
j  org.omnetpp.simkernel.JMessage.swigSetJavaPeer(Ljava/lang/Object;)V+6
j  org.omnetpp.simkernel.JMessage.<init>(JZ)V+11
j  org.omnetpp.simkernel.JMessage.<init>(Ljava/lang/String;)V+6
j  org.omnetpp.jqueue.Job.<init>(Ljava/lang/String;)V+2
j  org.omnetpp.jqueue.modules.Source.handleMessage(Lorg/omnetpp/simkernel/cMessage;)V+55
j  org.omnetpp.simkernel.JSimpleModule.doHandleMessage()V+7
v  ~StubRoutines::call_stub

---------------  P R O C E S S  ---------------

Java Threads: ( => current thread )
  0xb2242800 JavaThread "Low Memory Detector" daemon [_thread_blocked, id=23229, stack(0xb1f47000,0xb1f98000)]
  0xb2240800 JavaThread "CompilerThread0" daemon [_thread_blocked, id=23228, stack(0xb1f98000,0xb2019000)]
  0xb223f000 JavaThread "Signal Dispatcher" daemon [_thread_blocked, id=23227, stack(0xb2019000,0xb206a000)]
  0x0ae0ac00 JavaThread "Finalizer" daemon [_thread_blocked, id=23226, stack(0xb2349000,0xb239a000)]
  0x0ae09400 JavaThread "Reference Handler" daemon [_thread_blocked, id=23225, stack(0xb239a000,0xb23eb000)]
=>0x0adc0400 JavaThread "main" [_thread_in_native, id=23216, stack(0xbfb7f000,0xbfbcf000)]

Other Threads:
  0x0ae07800 VMThread [stack: 0xb23eb000,0xb246c000] [id=23224]
  0xb224c800 WatcherThread [stack: 0xb1ec6000,0xb1f47000] [id=23230]

VM state:not at safepoint (normal execution)

VM Mutex/Monitor currently owned by a thread: None

Heap
 def new generation   total 960K, used 850K [0x8b7e0000, 0x8b8e0000, 0x8bcc0000)
  eden space 896K,  94% used [0x8b7e0000, 0x8b8b4b88, 0x8b8c0000)
  from space 64K,   0% used [0x8b8c0000, 0x8b8c0000, 0x8b8d0000)
  to   space 64K,   0% used [0x8b8d0000, 0x8b8d0000, 0x8b8e0000)
 tenured generation   total 4096K, used 0K [0x8bcc0000, 0x8c0c0000, 0x8f7e0000)
   the space 4096K,   0% used [0x8bcc0000, 0x8bcc0000, 0x8bcc0200, 0x8c0c0000)
 compacting perm gen  total 12288K, used 511K [0x8f7e0000, 0x903e0000, 0x937e0000)
   the space 12288K,   4% used [0x8f7e0000, 0x8f85fd08, 0x8f85fe00, 0x903e0000)
    ro space 8192K,  74% used [0x937e0000, 0x93dd9cc8, 0x93dd9e00, 0x93fe0000)
    rw space 12288K,  59% used [0x93fe0000, 0x946f7540, 0x946f7600, 0x94be0000)

Dynamic libraries:
08048000-08100000 r-xp 00000000 08:01 4433512    /home/rhornig/omnetpp-4.0/samples/jsimplemodule/jsimple/out/gcc-debug/jsimple
08100000-08101000 r--p 000b7000 08:01 4433512    /home/rhornig/omnetpp-4.0/samples/jsimplemodule/jsimple/out/gcc-debug/jsimple
08101000-08106000 rw-p 000b8000 08:01 4433512    /home/rhornig/omnetpp-4.0/samples/jsimplemodule/jsimple/out/gcc-debug/jsimple
08106000-08107000 rw-p 08106000 00:00 0 
093f7000-0ae62000 rw-p 093f7000 00:00 0          [heap]
8b7e0000-8b8e0000 rwxp 8b7e0000 00:00 0 
8b8e0000-8bcc0000 rwxp 8b8e0000 00:00 0 
8bcc0000-8c0c0000 rwxp 8bcc0000 00:00 0 
8c0c0000-8f7e0000 rwxp 8c0c0000 00:00 0 
8f7e0000-903e0000 rwxp 8f7e0000 00:00 0 
903e0000-937e0000 rwxp 903e0000 00:00 0 
937e0000-93dda000 r--s 00001000 08:06 649357     /usr/lib/jvm/java-6-sun-1.6.0.14/jre/lib/i386/client/classes.jsa
93dda000-93fe0000 rwxp 93dda000 00:00 0 
93fe0000-946f8000 rw-p 005fb000 08:06 649357     /usr/lib/jvm/java-6-sun-1.6.0.14/jre/lib/i386/client/classes.jsa
946f8000-94be0000 rwxp 946f8000 00:00 0 
94be0000-94cbe000 rw-p 00d13000 08:06 649357     /usr/lib/jvm/java-6-sun-1.6.0.14/jre/lib/i386/client/classes.jsa
94cbe000-94fe0000 rwxp 94cbe000 00:00 0 
94fe0000-94fe8000 r-xs 00df1000 08:06 649357     /usr/lib/jvm/java-6-sun-1.6.0.14/jre/lib/i386/client/classes.jsa
94fe8000-953e0000 rwxp 94fe8000 00:00 0 
b1ec6000-b1ec7000 ---p b1ec6000 00:00 0 
b1ec7000-b1f47000 rwxp b1ec7000 00:00 0 
b1f47000-b1f4a000 ---p b1f47000 00:00 0 
b1f4a000-b1f98000 rwxp b1f4a000 00:00 0 
b1f98000-b1f9b000 ---p b1f98000 00:00 0 
b1f9b000-b2019000 rwxp b1f9b000 00:00 0 
b2019000-b201c000 ---p b2019000 00:00 0 
b201c000-b206a000 rwxp b201c000 00:00 0 
b206a000-b2200000 r--s 02fb1000 08:06 650227     /usr/lib/jvm/java-6-sun-1.6.0.14/jre/lib/rt.jar
b2200000-b22d0000 rw-p b2200000 00:00 0 
b22d0000-b2300000 ---p b22d0000 00:00 0 
b2349000-b234c000 ---p b2349000 00:00 0 
b234c000-b239a000 rwxp b234c000 00:00 0 
b239a000-b239d000 ---p b239a000 00:00 0 
b239d000-b23eb000 rwxp b239d000 00:00 0 
b23eb000-b23ec000 ---p b23eb000 00:00 0 
b23ec000-b2473000 rwxp b23ec000 00:00 0 
b2473000-b248d000 rwxp b2473000 00:00 0 
b248d000-b2490000 rwxp b248d000 00:00 0 
b2490000-b24ab000 rwxp b2490000 00:00 0 
b24ab000-b24ac000 rwxp b24ab000 00:00 0 
b24ac000-b24ad000 rwxp b24ac000 00:00 0 
b24ad000-b24b0000 rwxp b24ad000 00:00 0 
b24b0000-b24cb000 rwxp b24b0000 00:00 0 
b24cb000-b24d1000 rwxp b24cb000 00:00 0 
b24d1000-b24eb000 rwxp b24d1000 00:00 0 
b24eb000-b24f8000 rwxp b24eb000 00:00 0 
b24f8000-b2576000 rwxp b24f8000 00:00 0 
b2576000-b25f6000 rwxp b2576000 00:00 0 
b25f6000-b4576000 rwxp b25f6000 00:00 0 
b4576000-b4585000 r-xp 00000000 08:06 649095     /usr/lib/jvm/java-6-sun-1.6.0.14/jre/lib/i386/libzip.so
b4585000-b4587000 rw-p 0000e000 08:06 649095     /usr/lib/jvm/java-6-sun-1.6.0.14/jre/lib/i386/libzip.so
b4587000-b45aa000 r-xp 00000000 08:06 649092     /usr/lib/jvm/java-6-sun-1.6.0.14/jre/lib/i386/libjava.so
b45aa000-b45ac000 rw-p 00023000 08:06 649092     /usr/lib/jvm/java-6-sun-1.6.0.14/jre/lib/i386/libjava.so
b45ac000-b45b3000 r-xp 00000000 08:06 926762     /lib/tls/i686/cmov/librt-2.9.so
b45b3000-b45b4000 r--p 00006000 08:06 926762     /lib/tls/i686/cmov/librt-2.9.so
b45b4000-b45b5000 rw-p 00007000 08:06 926762     /lib/tls/i686/cmov/librt-2.9.so
b45b7000-b45be000 rwxp b45b7000 00:00 0 
b45be000-b45c6000 rw-s 00000000 08:06 599620     /tmp/hsperfdata_rhornig/23216
b45c6000-b45d1000 r-xp 00000000 08:06 649090     /usr/lib/jvm/java-6-sun-1.6.0.14/jre/lib/i386/libverify.so
b45d1000-b45d2000 rw-p 0000b000 08:06 649090     /usr/lib/jvm/java-6-sun-1.6.0.14/jre/lib/i386/libverify.so
b45d2000-b5c5b000 rw-p b45d2000 00:00 0 
b5c5b000-b5cf3000 r--p 00000000 08:06 1198213    /usr/share/fonts/truetype/ttf-dejavu/DejaVuSans.ttf
b5cf3000-b5d05000 r--p 00000000 08:06 1074115    /usr/share/fonts/type1/gsfonts/n019004l.pfb
b5d05000-b5d0d000 r-xp 00000000 08:06 325942     /usr/lib/libXcursor.so.1.0.2
b5d0d000-b5d0e000 rw-p 00007000 08:06 325942     /usr/lib/libXcursor.so.1.0.2
b5d11000-b5d13000 r--s 0001d000 08:01 4433403    /home/rhornig/omnetpp-4.0/samples/jsimplemodule/jsimple/simkernel.jar
b5d13000-b5d2b000 r--p 00000000 08:06 1074222    /usr/share/fonts/type1/gsfonts/n022003l.pfb
b5d2b000-b5dda000 r-xp 00000000 08:06 326892     /usr/lib/libtcl8.4.so.0
b5dda000-b5ddb000 r--p 000ae000 08:06 326892     /usr/lib/libtcl8.4.so.0
b5ddb000-b5de4000 rw-p 000af000 08:06 326892     /usr/lib/libtcl8.4.so.0
b5de4000-b5de5000 rw-p b5de4000 00:00 0 
b5de5000-b5ebd000 r-xp 00000000 08:06 327697     /usr/lib/libtk8.4.so.0
b5ebd000-b5ebe000 r--p 000d8000 08:06 327697     /usr/lib/libtk8.4.so.0
b5ebe000-b5ec9000 rw-p 000d9000 08:06 327697     /usr/lib/libtk8.4.so.0
b5ec9000-b5eca000 rw-p b5ec9000 00:00 0 
b5eca000-b5faa000 r-xp 00000000 08:06 336990     /usr/lib/libBLT.2.4.so.8.4
b5faa000-b5fab000 r--p 000df000 08:06 336990     /usr/lib/libBLT.2.4.so.8.4
b5fab000-b5fbc000 rw-p 000e0000 08:06 336990     /usr/lib/libBLT.2.4.so.8.4
b5fbc000-b5fbd000 rw-p b5fbc000 00:00 0 
b5fbd000-b5ff7000 rw-p b5ff7000 00:00 0 
b5ff7000-b5ffc000 rwxp b5ff7000 00:00 0 
b5ffc000-b6002000 r-xp 00000000 08:06 649079     /usr/lib/jvm/java-6-sun-1.6.0.14/jre/lib/i386/native_threads/libhpi.so
b6002000-b6003000 rw-p 00006000 08:06 649079     /usr/lib/jvm/java-6-sun-1.6.0.14/jre/lib/i386/native_threads/libhpi.so
b6003000-b6004000 rw-p b6003000 00:00 0 
b6004000-b6005000 r--p b6004000 00:00 0 
b6005000-b6009000 r-xp 00000000 08:06 328097     /usr/lib/libXfixes.so.3.1.0
b6009000-b600a000 rw-p 00003000 08:06 328097     /usr/lib/libXfixes.so.3.1.0
b600a000-b601e000 r--p 00000000 08:06 1074113    /usr/share/fonts/type1/gsfonts/n019003l.pfb
b601e000-b6024000 r--s 00000000 08:06 1072208    /var/cache/fontconfig/945677eb7aeaf62f1d50efc3fb3ec7d8-x86.cache-2
b6024000-b6026000 r--s 00000000 08:06 1076998    /var/cache/fontconfig/99e8ed0e538f840c565b6ed5dad60d56-x86.cache-2
b6026000-b602c000 r--s 00000000 08:06 1076997    /var/cache/fontconfig/e383d7ea5fbe662a33d9b44caf393297-x86.cache-2
b602c000-b6030000 r--s 00000000 08:06 1076993    /var/cache/fontconfig/921a30a17f0be15c70ac14043cb7a739-x86.cache-2
b6030000-b6032000 r--s 00000000 08:06 1075010    /var/cache/fontconfig/c69f04ab05004e31a6d5e715764f16d8-x86.cache-2
b6032000-b6035000 r--s 00000000 08:06 1076992    /var/cache/fontconfig/6eb3985aa4124903f6ff08ba781cd364-x86.cache-2
b6035000-b6036000 r--s 00000000 08:06 1076990    /var/cache/fontconfig/4c73fe0c47614734b17d736dbde7580a-x86.cache-2
b6036000-b6039000 r--s 00000000 08:06 1071540    /var/cache/fontconfig/a755afe4a08bf5b97852ceb7400b47bc-x86.cache-2
b6039000-b6040000 r--s 00000000 08:06 1076985    /var/cache/fontconfig/6d41288fd70b0be22e8c3a91e032eec0-x86.cache-2
b6040000-b6043000 r--s 00000000 08:06 1076984    /var/cache/fontconfig/de156ccd2eddbdc19d37a45b8b2aac9c-x86.cache-2
b6043000-b604b000 r--s 00000000 08:06 1074114    /var/cache/fontconfig/e3de0de479f42330eadf588a55fb5bf4-x86.cache-2
b604b000-b6056000 r--s 00000000 08:06 1076960    /var/cache/fontconfig/0f34bcd4b6ee430af32735b75db7f02b-x86.cache-2
b6056000-b6058000 r--s 00000000 08:06 1076982    /var/cache/fontconfig/ddd4086aec35a5275babba44bb759c3c-x86.cache-2
b6058000-b6059000 r--s 00000000 08:06 1076981    /var/cache/fontconfig/4794a0821666d79190d59a36cb4f44b5-x86.cache-2
b6059000-b607b000 r--s 00000000 08:06 1076979    /var/cache/fontconfig/365b55f210c0a22e9a19e35191240f32-x86.cache-2
b607b000-b607d000 r--s 00000000 08:06 1074112    /var/cache/fontconfig/2c5ba8142dffc8bf0377700342b8ca1a-x86.cache-2
b607d000-b6080000 r--s 00000000 08:06 1069209    /var/cache/fontconfig/de9486f0b47a4d768a594cb4198cb1c6-x86.cache-2
b6080000-b6087000 r--s 00000000 08:06 1076974    /var/cache/fontconfig/d52a8644073d54c13679302ca1180695-x86.cache-2
b6087000-b60b8000 rw-p b6087000 00:00 0 
b60b8000-b60c2000 r-xp 00000000 08:06 924925     /lib/tls/i686/cmov/libnss_files-2.9.so
b60c2000-b60c3000 r--p 00009000 08:06 924925     /lib/tls/i686/cmov/libnss_files-2.9.so
b60c3000-b60c4000 rw-p 0000a000 08:06 924925     /lib/tls/i686/cmov/libnss_files-2.9.so
b60c4000-b60d9000 r-xp 00000000 08:06 924918     /lib/tls/i686/cmov/libnsl-2.9.so
b60d9000-b60da000 r--p 00014000 08:06 924918     /lib/tls/i686/cmov/libnsl-2.9.so
b60da000-b60db000 rw-p 00015000 08:06 924918     /lib/tls/i686/cmov/libnsl-2.9.so
b60db000-b60dd000 rw-p b60db000 00:00 0 
b60dd000-b60e2000 r--s 00000000 08:06 1076971    /var/cache/fontconfig/105b9c7e6f0a4f82d8c9b6e39c52c6f9-x86.cache-2
b60e2000-b60e5000 r--s 00000000 08:06 1076936    /var/cache/fontconfig/6386b86020ecc1ef9690bb720a13964f-x86.cache-2
b60e5000-b60ee000 r--s 00000000 08:06 1076958    /var/cache/fontconfig/089dead882dea3570ffc31a9898cfb69-x86.cache-2
b60ee000-b60f5000 r--s 00000000 08:06 1071092    /var/cache/fontconfig/e13b20fdb08344e0e664864cc2ede53d-x86.cache-2
b60f5000-b60f6000 r--s 00000000 08:01 223495     /home/rhornig/.fontconfig/f3f493ef4c241362396c8f3f9cf1ce77-x86.cache-2
b60f6000-b60f8000 r--s 00000000 08:06 1068996    /var/cache/fontconfig/7ef2298fde41cc6eeb7af42e48b7d293-x86.cache-2
b60f8000-b60fa000 r--s 00000000 08:01 223484     /home/rhornig/.fontconfig/1536c9d20f430e69eebc797c045dc703-x86.cache-2
b60fa000-b60fb000 ---p b60fa000 00:00 0 
b60fb000-b68fb000 rwxp b60fb000 00:00 0 
b68fb000-b693a000 r--p 00000000 08:06 358147     /usr/lib/locale/en_US.utf8/LC_CTYPE
b693a000-b693c000 rw-p b693a000 00:00 0 
b693c000-b6940000 r-xp 00000000 08:06 332786     /usr/lib/libXdmcp.so.6.0.0
b6940000-b6941000 rw-p 00003000 08:06 332786     /usr/lib/libXdmcp.so.6.0.0
b6941000-b6942000 rw-p b6941000 00:00 0 
b6942000-b6966000 r-xp 00000000 08:06 328149     /usr/lib/libexpat.so.1.5.2
b6966000-b6968000 r--p 00023000 08:06 328149     /usr/lib/libexpat.so.1.5.2
b6968000-b6969000 rw-p 00025000 08:06 328149     /usr/lib/libexpat.so.1.5.2
b6969000-b696b000 r-xp 00000000 08:06 328145     /usr/lib/libXau.so.6.0.0
b696b000-b696c000 r--p 00001000 08:06 328145     /usr/lib/libXau.so.6.0.0
b696c000-b696d000 rw-p 00002000 08:06 328145     /usr/lib/libXau.so.6.0.0
b696d000-b6985000 r-xp 00000000 08:06 324193     /usr/lib/libxcb.so.1.1.0
b6985000-b6986000 r--p 00017000 08:06 324193     /usr/lib/libxcb.so.1.1.0
b6986000-b6987000 rw-p 00018000 08:06 324193     /usr/lib/libxcb.so.1.1.0
b6987000-b698f000 r-xp 00000000 08:06 1101842    /usr/lib/libXrender.so.1.3.0
b698f000-b6990000 r--p 00007000 08:06 1101842    /usr/lib/libXrender.so.1.3.0
b6990000-b6991000 rw-p 00008000 08:06 1101842    /usr/lib/libXrender.so.1.3.0
b6991000-b6992000 rw-p b6991000 00:00 0 
b6992000-b69bd000 r-xp 00000000 08:06 326356     /usr/lib/libfontconfig.so.1.3.0
b69bd000-b69be000 r--p 0002a000 08:06 326356     /usr/lib/libfontconfig.so.1.3.0
b69be000-b69bf000 rw-p 0002b000 08:06 326356     /usr/lib/libfontconfig.so.1.3.0
b69bf000-b6a31000 r-xp 00000000 08:06 327327     /usr/lib/libfreetype.so.6.3.20
b6a31000-b6a35000 r--p 00071000 08:06 327327     /usr/lib/libfreetype.so.6.3.20
b6a35000-b6a36000 rw-p 00075000 08:06 327327     /usr/lib/libfreetype.so.6.3.20
b6a36000-b6a48000 r-xp 00000000 08:06 326998     /usr/lib/libXft.so.2.1.13
b6a48000-b6a49000 r--p 00011000 08:06 326998     /usr/lib/libXft.so.2.1.13
b6a49000-b6a4a000 rw-p 00012000 08:06 326998     /usr/lib/libXft.so.2.1.13
b6a4a000-b6a58000 r-xp 00000000 08:06 324953     /usr/lib/libXext.so.6.4.0
b6a58000-b6a59000 r--p 0000d000 08:06 324953     /usr/lib/libXext.so.6.4.0
b6a59000-b6a5a000 rw-p 0000e000 08:06 324953     /usr/lib/libXext.so.6.4.0
b6a5a000-b6a5c000 r-xp 00000000 08:06 326221     /usr/lib/libXss.so.1.0.0
b6a5c000-b6a5e000 rw-p 00001000 08:06 326221     /usr/lib/libXss.so.1.0.0
b6a5e000-b6b48000 r-xp 00000000 08:06 329845     /usr/lib/libX11.so.6.2.0
b6b48000-b6b49000 ---p 000ea000 08:06 329845     /usr/lib/libX11.so.6.2.0
b6b49000-b6b4a000 r--p 000ea000 08:06 329845     /usr/lib/libX11.so.6.2.0
b6b4a000-b6b4c000 rw-p 000eb000 08:06 329845     /usr/lib/libX11.so.6.2.0
b6b4c000-b6b4e000 rw-p b6b4c000 00:00 0 
b6b4e000-b6b50000 r-xp 00000000 08:06 926765     /lib/tls/i686/cmov/libutil-2.9.so
b6b50000-b6b51000 r--p 00001000 08:06 926765     /lib/tls/i686/cmov/libutil-2.9.so
b6b51000-b6b52000 rw-p 00002000 08:06 926765     /lib/tls/i686/cmov/libutil-2.9.so
b6b52000-b6c3f000 r-xp 00000000 08:06 325123     /usr/lib/liblam.so.4.0
b6c3f000-b6c41000 r--p 000ed000 08:06 325123     /usr/lib/liblam.so.4.0
b6c41000-b6c43000 rw-p 000ef000 08:06 325123     /usr/lib/liblam.so.4.0
b6c43000-b6c55000 rw-p b6c43000 00:00 0 
b6c55000-b6c77000 r-xp 00000000 08:06 325122     /usr/lib/liblam++.so.4.0
b6c77000-b6c79000 r--p 00022000 08:06 325122     /usr/lib/liblam++.so.4.0
b6c79000-b6c7a000 rw-p 00024000 08:06 325122     /usr/lib/liblam++.so.4.0
b6c7a000-b6caa000 r-xp 00000000 08:06 325124     /usr/lib/liblamio.so.4.0
b6caa000-b6cab000 r--p 0002f000 08:06 325124     /usr/lib/liblamio.so.4.0
b6cab000-b6cac000 rw-p 00030000 08:06 325124     /usr/lib/liblamio.so.4.0
b6cac000-b6de1000 r-xp 00000000 08:06 326662     /usr/lib/libxml2.so.2.6.32
b6de1000-b6de2000 ---p 00135000 08:06 326662     /usr/lib/libxml2.so.2.6.32
b6de2000-b6de6000 r--p 00135000 08:06 326662     /usr/lib/libxml2.so.2.6.32
b6de6000-b6de7000 rw-p 00139000 08:06 326662     /usr/lib/libxml2.so.2.6.32
b6de7000-b6de9000 rw-p b6de7000 00:00 0 
b6de9000-b6ee6000 r-xp 00000000 08:01 125020     /home/rhornig/omnetpp-4.0/lib/gcc/liboppnedxmld.so
b6ee6000-b6ee7000 r--p 000fc000 08:01 125020     /home/rhornig/omnetpp-4.0/lib/gcc/liboppnedxmld.so
b6ee7000-b6ee8000 rw-p 000fd000 08:01 125020     /home/rhornig/omnetpp-4.0/lib/gcc/liboppnedxmld.so
b6ee8000-b6ee9000 rw-p b6ee8000 00:00 0 
b6ee9000-b6efd000 r-xp 00000000 08:06 1101102    /lib/libz.so.1.2.3.3
b6efd000-b6efe000 r--p 00013000 08:06 1101102    /lib/libz.so.1.2.3.3
b6efe000-b6eff000 rw-p 00014000 08:06 1101102    /lib/libz.so.1.2.3.3
b6eff000-b6ff6000 r-xp 00000000 08:06 327684     /usr/lib/libtcl8.5.so.0
b6ff6000-b6ff8000 r--p 000f6000 08:06 327684     /usr/lib/libtcl8.5.so.0
b6ff8000-b7000000 rw-p 000f8000 08:06 327684     /usr/lib/libtcl8.5.so.0
b7000000-b710a000 r-xp 00000000 08:06 327692     /usr/lib/libtk8.5.so.0
b710a000-b710f000 r--p 00109000 08:06 327692     /usr/lib/libtk8.5.so.0
b710f000-b711b000 rw-p 0010e000 08:06 327692     /usr/lib/libtk8.5.so.0
b711b000-b715b000 r-xp 00000000 08:01 125026     /home/rhornig/omnetpp-4.0/lib/gcc/liboppcommond.so
b715b000-b715c000 r--p 0003f000 08:01 125026     /home/rhornig/omnetpp-4.0/lib/gcc/liboppcommond.so
b715c000-b715d000 rw-p 00040000 08:01 125026     /home/rhornig/omnetpp-4.0/lib/gcc/liboppcommond.so
b715d000-b7172000 r-xp 00000000 08:06 926759     /lib/tls/i686/cmov/libpthread-2.9.so
b7172000-b7173000 r--p 00014000 08:06 926759     /lib/tls/i686/cmov/libpthread-2.9.so
b7173000-b7174000 rw-p 00015000 08:06 926759     /lib/tls/i686/cmov/libpthread-2.9.so
b7174000-b7177000 rw-p b7174000 00:00 0 
b7177000-b72d3000 r-xp 00000000 08:06 1263459    /lib/tls/i686/cmov/libc-2.9.so
b72d3000-b72d4000 ---p 0015c000 08:06 1263459    /lib/tls/i686/cmov/libc-2.9.so
b72d4000-b72d6000 r--p 0015c000 08:06 1263459    /lib/tls/i686/cmov/libc-2.9.so
b72d6000-b72d7000 rw-p 0015e000 08:06 1263459    /lib/tls/i686/cmov/libc-2.9.so
b72d7000-b72da000 rw-p b72d7000 00:00 0 
b72da000-b72e7000 r-xp 00000000 08:06 1101100    /lib/libgcc_s.so.1
b72e7000-b72e8000 r--p 0000c000 08:06 1101100    /lib/libgcc_s.so.1
b72e8000-b72e9000 rw-p 0000d000 08:06 1101100    /lib/libgcc_s.so.1
b72e9000-b730d000 r-xp 00000000 08:06 924916     /lib/tls/i686/cmov/libm-2.9.so
b730d000-b730e000 r--p 00023000 08:06 924916     /lib/tls/i686/cmov/libm-2.9.so
b730e000-b730f000 rw-p 00024000 08:06 924916     /lib/tls/i686/cmov/libm-2.9.so
b730f000-b73f3000 r-xp 00000000 08:06 323864     /usr/lib/libstdc++.so.6.0.10
b73f3000-b73f7000 r--p 000e3000 08:06 323864     /usr/lib/libstdc++.so.6.0.10
b73f7000-b73f8000 rw-p 000e7000 08:06 323864     /usr/lib/libstdc++.so.6.0.10
b73f8000-b73fe000 rw-p b73f8000 00:00 0 
b73fe000-b7400000 r-xp 00000000 08:06 924915     /lib/tls/i686/cmov/libdl-2.9.so
b7400000-b7401000 r--p 00001000 08:06 924915     /lib/tls/i686/cmov/libdl-2.9.so
b7401000-b7402000 rw-p 00002000 08:06 924915     /lib/tls/i686/cmov/libdl-2.9.so
b7402000-b7403000 rw-p b7402000 00:00 0 
b7403000-b740c000 r-xp 00000000 08:06 926755     /lib/tls/i686/cmov/libnss_nis-2.9.so
b740c000-b740d000 r--p 00008000 08:06 926755     /lib/tls/i686/cmov/libnss_nis-2.9.so
b740d000-b740e000 rw-p 00009000 08:06 926755     /lib/tls/i686/cmov/libnss_nis-2.9.so
b740e000-b7415000 r-xp 00000000 08:06 924920     /lib/tls/i686/cmov/libnss_compat-2.9.so
b7415000-b7416000 r--p 00006000 08:06 924920     /lib/tls/i686/cmov/libnss_compat-2.9.so
b7416000-b7417000 rw-p 00007000 08:06 924920     /lib/tls/i686/cmov/libnss_compat-2.9.so
b7417000-b741e000 r--s 00000000 08:06 326574     /usr/lib/gconv/gconv-modules.cache
b741e000-b7420000 rw-p b741e000 00:00 0 
b7420000-b7612000 r-xp 00000000 08:01 125021     /home/rhornig/omnetpp-4.0/lib/gcc/liboppsimd.so
b7612000-b7613000 r--p 001f1000 08:01 125021     /home/rhornig/omnetpp-4.0/lib/gcc/liboppsimd.so
b7613000-b7614000 rw-p 001f2000 08:01 125021     /home/rhornig/omnetpp-4.0/lib/gcc/liboppsimd.so
b7614000-b7616000 rw-p b7614000 00:00 0 
b7616000-b7625000 r-xp 00000000 08:01 125023     /home/rhornig/omnetpp-4.0/lib/gcc/liboppcmdenvd.so
b7625000-b7626000 r--p 0000e000 08:01 125023     /home/rhornig/omnetpp-4.0/lib/gcc/liboppcmdenvd.so
b7626000-b7627000 rw-p 0000f000 08:01 125023     /home/rhornig/omnetpp-4.0/lib/gcc/liboppcmdenvd.so
b7627000-b7673000 r-xp 00000000 08:01 125027     /home/rhornig/omnetpp-4.0/lib/gcc/libopplayoutd.so
b7673000-b7674000 r--p 0004b000 08:01 125027     /home/rhornig/omnetpp-4.0/lib/gcc/libopplayoutd.so
b7674000-b7675000 rw-p 0004c000 08:01 125027     /home/rhornig/omnetpp-4.0/lib/gcc/libopplayoutd.so
b7675000-b772d000 r-xp 00000000 08:01 125024     /home/rhornig/omnetpp-4.0/lib/gcc/liboppenvird.so
b772d000-b772e000 r--p 000b7000 08:01 125024     /home/rhornig/omnetpp-4.0/lib/gcc/liboppenvird.so
b772e000-b772f000 rw-p 000b8000 08:01 125024     /home/rhornig/omnetpp-4.0/lib/gcc/liboppenvird.so
b772f000-b7799000 r-xp 00000000 08:01 125025     /home/rhornig/omnetpp-4.0/lib/gcc/libopptkenvd.so
b7799000-b779a000 r--p 00069000 08:01 125025     /home/rhornig/omnetpp-4.0/lib/gcc/libopptkenvd.so
b779a000-b7807000 rw-p 0006a000 08:01 125025     /home/rhornig/omnetpp-4.0/lib/gcc/libopptkenvd.so
b7807000-b780c000 rw-p b7807000 00:00 0 
b780c000-b7c71000 r-xp 00000000 08:06 649085     /usr/lib/jvm/java-6-sun-1.6.0.14/jre/lib/i386/client/libjvm.so
b7c71000-b7c91000 rw-p 00465000 08:06 649085     /usr/lib/jvm/java-6-sun-1.6.0.14/jre/lib/i386/client/libjvm.so
b7c91000-b80b3000 rw-p b7c91000 00:00 0 
b80b3000-b80b4000 r-xp b80b3000 00:00 0          [vdso]
b80b4000-b80d0000 r-xp 00000000 08:06 194577     /lib/ld-2.9.so
b80d0000-b80d1000 r--p 0001b000 08:06 194577     /lib/ld-2.9.so
b80d1000-b80d2000 rw-p 0001c000 08:06 194577     /lib/ld-2.9.so
bfb7f000-bfb82000 ---p bfb7f000 00:00 0 
bfb82000-bfbcf000 rwxp bffb1000 00:00 0          [stack]
bfbcf000-bfbd1000 rw-p bfffe000 00:00 0 

VM Arguments:
jvm_args: -Djava.library.path=. 
java_command: <unknown>
Launcher Type: generic

Environment Variables:
CLASSPATH=/home/rhornig/omnetpp-4.0/samples/queueing/jqueue/bin;/home/rhornig/omnetpp-4.0/samples/jsimplemodule/jsimple/out/classes
PATH=/home/rhornig/omnetpp-4.0/bin::/home/rhornig/omnetpp-4.0/bin:/home/rhornig/bin:/usr/local/sbin:/usr/local/bin:/usr/sbin:/usr/bin:/sbin:/bin:/usr/games:/home/rhornig/android-sdk/tools
LD_LIBRARY_PATH=/home/rhornig/omnetpp-4.0/lib::/usr/lib/jvm/java-6-sun-1.6.0.14/jre/lib/i386/client:/usr/lib/jvm/java-6-sun-1.6.0.14/jre/lib/i386:/home/rhornig/omnetpp-4.0/lib::/usr/lib/xulrunner-addons:/usr/lib/xulrunner-addons
SHELL=/bin/bash
DISPLAY=:0.0

Signal Handlers:
SIGSEGV: [libjvm.so+0x3fc070], sa_mask[0]=0x7ffbfeff, sa_flags=0x10000004
SIGBUS: [libjvm.so+0x3fc070], sa_mask[0]=0x7ffbfeff, sa_flags=0x10000004
SIGFPE: [libjvm.so+0x325d30], sa_mask[0]=0x7ffbfeff, sa_flags=0x10000004
SIGPIPE: [libjvm.so+0x325d30], sa_mask[0]=0x00001000, sa_flags=0x10000000, flags was changed from 0x10000004, consider using jsig library
SIGXFSZ: [libjvm.so+0x325d30], sa_mask[0]=0x7ffbfeff, sa_flags=0x10000004
SIGILL: [libjvm.so+0x325d30], sa_mask[0]=0x7ffbfeff, sa_flags=0x10000004
SIGUSR1: SIG_DFL, sa_mask[0]=0x00000000, sa_flags=0x00000000
SIGUSR2: [libjvm.so+0x328920], sa_mask[0]=0x00000004, sa_flags=0x10000004
SIGHUP: [libjvm.so+0x328650], sa_mask[0]=0x7ffbfeff, sa_flags=0x10000004
SIGINT: [libjvm.so+0x328650], sa_mask[0]=0x7ffbfeff, sa_flags=0x10000004
SIGTERM: [libjvm.so+0x328650], sa_mask[0]=0x7ffbfeff, sa_flags=0x10000004
SIGQUIT: [libjvm.so+0x328650], sa_mask[0]=0x7ffbfeff, sa_flags=0x10000004


---------------  S Y S T E M  ---------------

OS:5.0

uname:Linux 2.6.28-13-generic #45-Ubuntu SMP Tue Jun 30 19:49:51 UTC 2009 i686
libc:glibc 2.9 NPTL 2.9 
rlimit: STACK 8192k, CORE 0k, NPROC infinity, NOFILE 1024, AS infinity
load average:0.48 0.50 0.43

CPU:total 2 (2 cores per cpu, 1 threads per core) family 6 model 15 stepping 6, cmov, cx8, fxsr, mmx, sse, sse2, sse3, ssse3

Memory: 4k page, physical 1025164k(96264k free), swap 1799240k(1577484k free)

vm_info: Java HotSpot(TM) Client VM (14.0-b16) for linux-x86 JRE (1.6.0_14-b08), built on May 21 2009 02:01:47 by "java_re" with gcc 3.2.1-7a (J2SE release)

time: Thu Jul 30 16:58:14 2009
elapsed time: 48 seconds

