#
# A fatal error has been detected by the Java Runtime Environment:
#
#  SIGSEGV (0xb) at pc=0x080d69a5, pid=21475, tid=3062847184
#
# JRE version: 6.0_14-b08
# Java VM: Java HotSpot(TM) Client VM (14.0-b16 mixed mode, sharing linux-x86 )
# Problematic frame:
# C  [jsimple+0x8e9a5]  _ZN13JSimpleModule15swigSetJavaPeerEP8_jobject+0x9
#
# If you would like to submit a bug report, please visit:
#   http://java.sun.com/webapps/bugreport/crash.jsp
# The crash happened outside the Java Virtual Machine in native code.
# See problematic frame for where to report the bug.
#

---------------  T H R E A D  ---------------

Current thread (0x0a8a6000):  JavaThread "main" [_thread_in_native, id=21475, stack(0xbf83c000,0xbf88c000)]

siginfo:si_signo=SIGSEGV: si_errno=0, si_code=1 (SEGV_MAPERR), si_addr=0x00000070

Registers:
EAX=0x00000000, EBX=0x8f827ad0, ECX=0x0a8a6110, EDX=0x0a8a6000
ESP=0xbf889f20, EBP=0xbf889f38, ESI=0x8f827acc, EDI=0x0a8a6000
EIP=0x080d69a5, CR2=0x00000070, EFLAGS=0x00010282

Top of Stack: (sp=0xbf889f20)
0xbf889f20:   b79d6ac4 00000000 0a8a9d60 bf889f30
0xbf889f30:   0a8a9d60 0a8a6000 bf889f78 080a9a6d
0xbf889f40:   00000000 bf889fd4 bf88a004 bf889fd4
0xbf889f50:   00000000 bf889f00 00000000 00000000
0xbf889f60:   8f827ad0 00000000 bf889fd4 bf889fc4
0xbf889f70:   8f827ad0 8f827acc bf889fc4 b253af4d
0xbf889f80:   0a8a6110 bf889fcc 00000000 00000000
0xbf889f90:   bf889fd8 bf889fd4 0a8a6000 0a8a9d88 

Instructions: (pc=0x080d69a5)
0x080d6995:   00 8b 45 ec c9 c3 90 55 89 e5 83 ec 18 8b 45 08
0x080d69a5:   8b 40 70 85 c0 74 2c c7 44 24 10 69 00 00 00 c7 

Stack: [0xbf83c000,0xbf88c000],  sp=0xbf889f20,  free space=311k
Native frames: (J=compiled Java code, j=interpreted, Vv=VM code, C=native code)
C  [jsimple+0x8e9a5]  _ZN13JSimpleModule15swigSetJavaPeerEP8_jobject+0x9
C  [jsimple+0x61a6d]  Java_org_omnetpp_simkernel_SimkernelJNI_JSimpleModule_1swigSetJavaPeer+0x3b
j  org.omnetpp.simkernel.SimkernelJNI.JSimpleModule_swigSetJavaPeer(JLorg/omnetpp/simkernel/JSimpleModule;Ljava/lang/Object;)V+0
j  org.omnetpp.simkernel.JSimpleModule.swigSetJavaPeer(Ljava/lang/Object;)V+6
j  org.omnetpp.simkernel.JSimpleModule.<init>(JZ)V+11
j  org.omnetpp.simkernel.JSimpleModule.<init>()V+3
j  org.omnetpp.jqueue.modules.Source.<init>()V+1
v  ~StubRoutines::call_stub
V  [libjvm.so+0x213560]
V  [libjvm.so+0x326f58]
V  [libjvm.so+0x2133bf]
V  [libjvm.so+0x24385b]
V  [libjvm.so+0x22112a]
C  [jsimple+0x8dca5]  _ZN7JNIEnv_9NewObjectEP7_jclassP10_jmethodIDz+0x31
C  [jsimple+0x8ecf4]  _ZN13JSimpleModule22createJavaModuleObjectEv+0x228
C  [jsimple+0x8ee22]  _ZN13JSimpleModule10initializeEi+0x18
C  [liboppsimd.so+0x10566f]  _ZN7cModule17initializeModulesEi+0x239
C  [liboppsimd.so+0x105802]  _ZN7cModule17initializeModulesEi+0x3cc
C  [liboppsimd.so+0x104909]  _ZN7cModule14callInitializeEv+0x71
C  [liboppsimd.so+0x125f9f]  _ZN11cSimulation8startRunEv+0xcb
C  [liboppenvird.so+0x63b5a]  _ZN9EnvirBase8startRunEv+0xc2
C  [libopptkenvd.so+0x35387]  _ZN5Tkenv6newRunEPKci+0x1ab
C  [libopptkenvd.so+0x45666]  _Z10newRun_cmdPvP10Tcl_InterpiPPKc+0x75
C  [libtcl8.5.so.0+0x1f9b6]  TclInvokeStringCommand+0x76
C  [libtcl8.5.so.0+0x21501]
C  [libtcl8.5.so.0+0x6b139]
C  [libtcl8.5.so.0+0xb4a6c]  TclObjInterpProcCore+0x15c
C  [libtcl8.5.so.0+0xb48fb]  TclObjInterpProc+0x6b
C  [libtcl8.5.so.0+0x21501]
C  [libtcl8.5.so.0+0x22295]
C  [libtcl8.5.so.0+0x219de]  Tcl_EvalEx+0x2e
C  [libtcl8.5.so.0+0x228ec]  Tcl_Eval+0x3c
C  [libopptkenvd.so+0x371a5]  _ZN5Tkenv3runEv+0x809
C  [liboppenvird.so+0x67922]  _ZN9EnvirBase3runEiPPcP14cConfiguration+0x194
C  [liboppenvird.so+0x5ef4b]  _Z18setupUserInterfaceiPPcP14cConfiguration+0xdea
C  [liboppenvird.so+0x5fe10]  main+0x64
C  [libc.so.6+0x16775]  __libc_start_main+0xe5

Java frames: (J=compiled Java code, j=interpreted, Vv=VM code)
j  org.omnetpp.simkernel.SimkernelJNI.JSimpleModule_swigSetJavaPeer(JLorg/omnetpp/simkernel/JSimpleModule;Ljava/lang/Object;)V+0
j  org.omnetpp.simkernel.JSimpleModule.swigSetJavaPeer(Ljava/lang/Object;)V+6
j  org.omnetpp.simkernel.JSimpleModule.<init>(JZ)V+11
j  org.omnetpp.simkernel.JSimpleModule.<init>()V+3
j  org.omnetpp.jqueue.modules.Source.<init>()V+1
v  ~StubRoutines::call_stub

---------------  P R O C E S S  ---------------

Java Threads: ( => current thread )
  0xb2205800 JavaThread "Low Memory Detector" daemon [_thread_blocked, id=21490, stack(0xb1f1d000,0xb1f6e000)]
  0xb2203c00 JavaThread "CompilerThread0" daemon [_thread_blocked, id=21489, stack(0xb217f000,0xb2200000)]
  0x0a938c00 JavaThread "Signal Dispatcher" daemon [_thread_blocked, id=21488, stack(0xb2304000,0xb2355000)]
  0x0a8f9800 JavaThread "Finalizer" daemon [_thread_blocked, id=21487, stack(0xb2104000,0xb2155000)]
  0x0a8f8000 JavaThread "Reference Handler" daemon [_thread_blocked, id=21486, stack(0xb2355000,0xb23a6000)]
=>0x0a8a6000 JavaThread "main" [_thread_in_native, id=21475, stack(0xbf83c000,0xbf88c000)]

Other Threads:
  0x0a8f6400 VMThread [stack: 0xb23a6000,0xb2427000] [id=21485]
  0xb2207800 WatcherThread [stack: 0xb1e9c000,0xb1f1d000] [id=21491]

VM state:not at safepoint (normal execution)

VM Mutex/Monitor currently owned by a thread: None

Heap
 def new generation   total 960K, used 575K [0x8b7e0000, 0x8b8e0000, 0x8bcc0000)
  eden space 896K,  64% used [0x8b7e0000, 0x8b86fd00, 0x8b8c0000)
  from space 64K,   0% used [0x8b8c0000, 0x8b8c0000, 0x8b8d0000)
  to   space 64K,   0% used [0x8b8d0000, 0x8b8d0000, 0x8b8e0000)
 tenured generation   total 4096K, used 0K [0x8bcc0000, 0x8c0c0000, 0x8f7e0000)
   the space 4096K,   0% used [0x8bcc0000, 0x8bcc0000, 0x8bcc0200, 0x8c0c0000)
 compacting perm gen  total 12288K, used 420K [0x8f7e0000, 0x903e0000, 0x937e0000)
   the space 12288K,   3% used [0x8f7e0000, 0x8f8493f8, 0x8f849400, 0x903e0000)
    ro space 8192K,  74% used [0x937e0000, 0x93dd9cc8, 0x93dd9e00, 0x93fe0000)
    rw space 12288K,  59% used [0x93fe0000, 0x946f7540, 0x946f7600, 0x94be0000)

Dynamic libraries:
08048000-08100000 r-xp 00000000 08:01 4433320    /home/rhornig/omnetpp-4.0/samples/jsimplemodule/jsimple/out/gcc-debug/jsimple
08100000-08101000 r--p 000b8000 08:01 4433320    /home/rhornig/omnetpp-4.0/samples/jsimplemodule/jsimple/out/gcc-debug/jsimple
08101000-08106000 rw-p 000b9000 08:01 4433320    /home/rhornig/omnetpp-4.0/samples/jsimplemodule/jsimple/out/gcc-debug/jsimple
08106000-08107000 rw-p 08106000 00:00 0 
08ee6000-0a99e000 rw-p 08ee6000 00:00 0          [heap]
8b7e0000-8b8e0000 rwxp 8b7e0000 00:00 0 
8b8e0000-8bcc0000 rwxp 8b8e0000 00:00 0 
8bcc0000-8c0c0000 rwxp 8bcc0000 00:00 0 
8c0c0000-8f7e0000 rwxp 8c0c0000 00:00 0 
8f7e0000-903e0000 rwxp 8f7e0000 00:00 0 
903e0000-937e0000 rwxp 903e0000 00:00 0 
937e0000-93dda000 r--s 00001000 08:06 649357     /usr/lib/jvm/java-6-sun-1.6.0.14/jre/lib/i386/client/classes.jsa
93dda000-93fe0000 rwxp 93dda000 00:00 0 
93fe0000-946f8000 rw-p 005fb000 08:06 649357     /usr/lib/jvm/java-6-sun-1.6.0.14/jre/lib/i386/client/classes.jsa
946f8000-94be0000 rwxp 946f8000 00:00 0 
94be0000-94cbe000 rw-p 00d13000 08:06 649357     /usr/lib/jvm/java-6-sun-1.6.0.14/jre/lib/i386/client/classes.jsa
94cbe000-94fe0000 rwxp 94cbe000 00:00 0 
94fe0000-94fe8000 r-xs 00df1000 08:06 649357     /usr/lib/jvm/java-6-sun-1.6.0.14/jre/lib/i386/client/classes.jsa
94fe8000-953e0000 rwxp 94fe8000 00:00 0 
b1e9c000-b1e9d000 ---p b1e9c000 00:00 0 
b1e9d000-b1f1d000 rwxp b1e9d000 00:00 0 
b1f1d000-b1f20000 ---p b1f1d000 00:00 0 
b1f20000-b1f6e000 rwxp b1f20000 00:00 0 
b1f6e000-b2104000 r--s 02fb1000 08:06 650227     /usr/lib/jvm/java-6-sun-1.6.0.14/jre/lib/rt.jar
b2104000-b2107000 ---p b2104000 00:00 0 
b2107000-b2155000 rwxp b2107000 00:00 0 
b217f000-b2182000 ---p b217f000 00:00 0 
b2182000-b2200000 rwxp b2182000 00:00 0 
b2200000-b222e000 rw-p b2200000 00:00 0 
b222e000-b2300000 ---p b222e000 00:00 0 
b2304000-b2307000 ---p b2304000 00:00 0 
b2307000-b2355000 rwxp b2307000 00:00 0 
b2355000-b2358000 ---p b2355000 00:00 0 
b2358000-b23a6000 rwxp b2358000 00:00 0 
b23a6000-b23a7000 ---p b23a6000 00:00 0 
b23a7000-b242e000 rwxp b23a7000 00:00 0 
b242e000-b2448000 rwxp b242e000 00:00 0 
b2448000-b244b000 rwxp b2448000 00:00 0 
b244b000-b2466000 rwxp b244b000 00:00 0 
b2466000-b2467000 rwxp b2466000 00:00 0 
b2467000-b2468000 rwxp b2467000 00:00 0 
b2468000-b246b000 rwxp b2468000 00:00 0 
b246b000-b2486000 rwxp b246b000 00:00 0 
b2486000-b248c000 rwxp b2486000 00:00 0 
b248c000-b24a6000 rwxp b248c000 00:00 0 
b24a6000-b24b3000 rwxp b24a6000 00:00 0 
b24b3000-b2531000 rwxp b24b3000 00:00 0 
b2531000-b25b1000 rwxp b2531000 00:00 0 
b25b1000-b4531000 rwxp b25b1000 00:00 0 
b4531000-b4540000 r-xp 00000000 08:06 649095     /usr/lib/jvm/java-6-sun-1.6.0.14/jre/lib/i386/libzip.so
b4540000-b4542000 rw-p 0000e000 08:06 649095     /usr/lib/jvm/java-6-sun-1.6.0.14/jre/lib/i386/libzip.so
b4542000-b4565000 r-xp 00000000 08:06 649092     /usr/lib/jvm/java-6-sun-1.6.0.14/jre/lib/i386/libjava.so
b4565000-b4567000 rw-p 00023000 08:06 649092     /usr/lib/jvm/java-6-sun-1.6.0.14/jre/lib/i386/libjava.so
b4567000-b456e000 r-xp 00000000 08:06 926762     /lib/tls/i686/cmov/librt-2.9.so
b456e000-b456f000 r--p 00006000 08:06 926762     /lib/tls/i686/cmov/librt-2.9.so
b456f000-b4570000 rw-p 00007000 08:06 926762     /lib/tls/i686/cmov/librt-2.9.so
b4572000-b4579000 rwxp b4572000 00:00 0 
b4579000-b4581000 rw-s 00000000 08:06 599620     /tmp/hsperfdata_rhornig/21475
b4581000-b458c000 r-xp 00000000 08:06 649090     /usr/lib/jvm/java-6-sun-1.6.0.14/jre/lib/i386/libverify.so
b458c000-b458d000 rw-p 0000b000 08:06 649090     /usr/lib/jvm/java-6-sun-1.6.0.14/jre/lib/i386/libverify.so
b458d000-b5c16000 rw-p b458d000 00:00 0 
b5c16000-b5cae000 r--p 00000000 08:06 1198213    /usr/share/fonts/truetype/ttf-dejavu/DejaVuSans.ttf
b5cae000-b5cc0000 r--p 00000000 08:06 1074115    /usr/share/fonts/type1/gsfonts/n019004l.pfb
b5cc0000-b5cc8000 r-xp 00000000 08:06 325942     /usr/lib/libXcursor.so.1.0.2
b5cc8000-b5cc9000 rw-p 00007000 08:06 325942     /usr/lib/libXcursor.so.1.0.2
b5ccc000-b5cce000 r--s 0001d000 08:01 4433307    /home/rhornig/omnetpp-4.0/samples/jsimplemodule/jsimple/simkernel.jar
b5cce000-b5ce6000 r--p 00000000 08:06 1074222    /usr/share/fonts/type1/gsfonts/n022003l.pfb
b5ce6000-b5d95000 r-xp 00000000 08:06 326892     /usr/lib/libtcl8.4.so.0
b5d95000-b5d96000 r--p 000ae000 08:06 326892     /usr/lib/libtcl8.4.so.0
b5d96000-b5d9f000 rw-p 000af000 08:06 326892     /usr/lib/libtcl8.4.so.0
b5d9f000-b5da0000 rw-p b5d9f000 00:00 0 
b5da0000-b5e78000 r-xp 00000000 08:06 327697     /usr/lib/libtk8.4.so.0
b5e78000-b5e79000 r--p 000d8000 08:06 327697     /usr/lib/libtk8.4.so.0
b5e79000-b5e84000 rw-p 000d9000 08:06 327697     /usr/lib/libtk8.4.so.0
b5e84000-b5e85000 rw-p b5e84000 00:00 0 
b5e85000-b5f65000 r-xp 00000000 08:06 336990     /usr/lib/libBLT.2.4.so.8.4
b5f65000-b5f66000 r--p 000df000 08:06 336990     /usr/lib/libBLT.2.4.so.8.4
b5f66000-b5f77000 rw-p 000e0000 08:06 336990     /usr/lib/libBLT.2.4.so.8.4
b5f77000-b5f78000 rw-p b5f77000 00:00 0 
b5f78000-b5fb2000 rw-p b5fb2000 00:00 0 
b5fb2000-b5fb7000 rwxp b5fb2000 00:00 0 
b5fb7000-b5fbd000 r-xp 00000000 08:06 649079     /usr/lib/jvm/java-6-sun-1.6.0.14/jre/lib/i386/native_threads/libhpi.so
b5fbd000-b5fbe000 rw-p 00006000 08:06 649079     /usr/lib/jvm/java-6-sun-1.6.0.14/jre/lib/i386/native_threads/libhpi.so
b5fbe000-b5fbf000 rw-p b5fbe000 00:00 0 
b5fbf000-b5fc0000 r--p b5fbf000 00:00 0 
b5fc0000-b5fc4000 r-xp 00000000 08:06 328097     /usr/lib/libXfixes.so.3.1.0
b5fc4000-b5fc5000 rw-p 00003000 08:06 328097     /usr/lib/libXfixes.so.3.1.0
b5fc5000-b5fd9000 r--p 00000000 08:06 1074113    /usr/share/fonts/type1/gsfonts/n019003l.pfb
b5fd9000-b5fdf000 r--s 00000000 08:06 1072208    /var/cache/fontconfig/945677eb7aeaf62f1d50efc3fb3ec7d8-x86.cache-2
b5fdf000-b5fe1000 r--s 00000000 08:06 1076998    /var/cache/fontconfig/99e8ed0e538f840c565b6ed5dad60d56-x86.cache-2
b5fe1000-b5fe7000 r--s 00000000 08:06 1076997    /var/cache/fontconfig/e383d7ea5fbe662a33d9b44caf393297-x86.cache-2
b5fe7000-b5feb000 r--s 00000000 08:06 1076993    /var/cache/fontconfig/921a30a17f0be15c70ac14043cb7a739-x86.cache-2
b5feb000-b5fed000 r--s 00000000 08:06 1075010    /var/cache/fontconfig/c69f04ab05004e31a6d5e715764f16d8-x86.cache-2
b5fed000-b5ff0000 r--s 00000000 08:06 1076992    /var/cache/fontconfig/6eb3985aa4124903f6ff08ba781cd364-x86.cache-2
b5ff0000-b5ff1000 r--s 00000000 08:06 1076990    /var/cache/fontconfig/4c73fe0c47614734b17d736dbde7580a-x86.cache-2
b5ff1000-b5ff4000 r--s 00000000 08:06 1071540    /var/cache/fontconfig/a755afe4a08bf5b97852ceb7400b47bc-x86.cache-2
b5ff4000-b5ffb000 r--s 00000000 08:06 1076985    /var/cache/fontconfig/6d41288fd70b0be22e8c3a91e032eec0-x86.cache-2
b5ffb000-b5ffe000 r--s 00000000 08:06 1076984    /var/cache/fontconfig/de156ccd2eddbdc19d37a45b8b2aac9c-x86.cache-2
b5ffe000-b6006000 r--s 00000000 08:06 1074114    /var/cache/fontconfig/e3de0de479f42330eadf588a55fb5bf4-x86.cache-2
b6006000-b6011000 r--s 00000000 08:06 1076960    /var/cache/fontconfig/0f34bcd4b6ee430af32735b75db7f02b-x86.cache-2
b6011000-b6013000 r--s 00000000 08:06 1076982    /var/cache/fontconfig/ddd4086aec35a5275babba44bb759c3c-x86.cache-2
b6013000-b6014000 r--s 00000000 08:06 1076981    /var/cache/fontconfig/4794a0821666d79190d59a36cb4f44b5-x86.cache-2
b6014000-b6036000 r--s 00000000 08:06 1076979    /var/cache/fontconfig/365b55f210c0a22e9a19e35191240f32-x86.cache-2
b6036000-b6038000 r--s 00000000 08:06 1074112    /var/cache/fontconfig/2c5ba8142dffc8bf0377700342b8ca1a-x86.cache-2
b6038000-b603b000 r--s 00000000 08:06 1069209    /var/cache/fontconfig/de9486f0b47a4d768a594cb4198cb1c6-x86.cache-2
b603b000-b6042000 r--s 00000000 08:06 1076974    /var/cache/fontconfig/d52a8644073d54c13679302ca1180695-x86.cache-2
b6042000-b6073000 rw-p b6042000 00:00 0 
b6073000-b607d000 r-xp 00000000 08:06 924925     /lib/tls/i686/cmov/libnss_files-2.9.so
b607d000-b607e000 r--p 00009000 08:06 924925     /lib/tls/i686/cmov/libnss_files-2.9.so
b607e000-b607f000 rw-p 0000a000 08:06 924925     /lib/tls/i686/cmov/libnss_files-2.9.so
b607f000-b6094000 r-xp 00000000 08:06 924918     /lib/tls/i686/cmov/libnsl-2.9.so
b6094000-b6095000 r--p 00014000 08:06 924918     /lib/tls/i686/cmov/libnsl-2.9.so
b6095000-b6096000 rw-p 00015000 08:06 924918     /lib/tls/i686/cmov/libnsl-2.9.so
b6096000-b6098000 rw-p b6096000 00:00 0 
b6098000-b609d000 r--s 00000000 08:06 1076971    /var/cache/fontconfig/105b9c7e6f0a4f82d8c9b6e39c52c6f9-x86.cache-2
b609d000-b60a0000 r--s 00000000 08:06 1076936    /var/cache/fontconfig/6386b86020ecc1ef9690bb720a13964f-x86.cache-2
b60a0000-b60a9000 r--s 00000000 08:06 1076958    /var/cache/fontconfig/089dead882dea3570ffc31a9898cfb69-x86.cache-2
b60a9000-b60b0000 r--s 00000000 08:06 1071092    /var/cache/fontconfig/e13b20fdb08344e0e664864cc2ede53d-x86.cache-2
b60b0000-b60b1000 r--s 00000000 08:01 223495     /home/rhornig/.fontconfig/f3f493ef4c241362396c8f3f9cf1ce77-x86.cache-2
b60b1000-b60b3000 r--s 00000000 08:06 1068996    /var/cache/fontconfig/7ef2298fde41cc6eeb7af42e48b7d293-x86.cache-2
b60b3000-b60b5000 r--s 00000000 08:01 223484     /home/rhornig/.fontconfig/1536c9d20f430e69eebc797c045dc703-x86.cache-2
b60b5000-b60b6000 ---p b60b5000 00:00 0 
b60b6000-b68b6000 rwxp b60b6000 00:00 0 
b68b6000-b68f5000 r--p 00000000 08:06 358147     /usr/lib/locale/en_US.utf8/LC_CTYPE
b68f5000-b68f7000 rw-p b68f5000 00:00 0 
b68f7000-b68fb000 r-xp 00000000 08:06 332786     /usr/lib/libXdmcp.so.6.0.0
b68fb000-b68fc000 rw-p 00003000 08:06 332786     /usr/lib/libXdmcp.so.6.0.0
b68fc000-b68fd000 rw-p b68fc000 00:00 0 
b68fd000-b6921000 r-xp 00000000 08:06 328149     /usr/lib/libexpat.so.1.5.2
b6921000-b6923000 r--p 00023000 08:06 328149     /usr/lib/libexpat.so.1.5.2
b6923000-b6924000 rw-p 00025000 08:06 328149     /usr/lib/libexpat.so.1.5.2
b6924000-b6926000 r-xp 00000000 08:06 328145     /usr/lib/libXau.so.6.0.0
b6926000-b6927000 r--p 00001000 08:06 328145     /usr/lib/libXau.so.6.0.0
b6927000-b6928000 rw-p 00002000 08:06 328145     /usr/lib/libXau.so.6.0.0
b6928000-b6940000 r-xp 00000000 08:06 324193     /usr/lib/libxcb.so.1.1.0
b6940000-b6941000 r--p 00017000 08:06 324193     /usr/lib/libxcb.so.1.1.0
b6941000-b6942000 rw-p 00018000 08:06 324193     /usr/lib/libxcb.so.1.1.0
b6942000-b694a000 r-xp 00000000 08:06 1101842    /usr/lib/libXrender.so.1.3.0
b694a000-b694b000 r--p 00007000 08:06 1101842    /usr/lib/libXrender.so.1.3.0
b694b000-b694c000 rw-p 00008000 08:06 1101842    /usr/lib/libXrender.so.1.3.0
b694c000-b694d000 rw-p b694c000 00:00 0 
b694d000-b6978000 r-xp 00000000 08:06 326356     /usr/lib/libfontconfig.so.1.3.0
b6978000-b6979000 r--p 0002a000 08:06 326356     /usr/lib/libfontconfig.so.1.3.0
b6979000-b697a000 rw-p 0002b000 08:06 326356     /usr/lib/libfontconfig.so.1.3.0
b697a000-b69ec000 r-xp 00000000 08:06 327327     /usr/lib/libfreetype.so.6.3.20
b69ec000-b69f0000 r--p 00071000 08:06 327327     /usr/lib/libfreetype.so.6.3.20
b69f0000-b69f1000 rw-p 00075000 08:06 327327     /usr/lib/libfreetype.so.6.3.20
b69f1000-b6a03000 r-xp 00000000 08:06 326998     /usr/lib/libXft.so.2.1.13
b6a03000-b6a04000 r--p 00011000 08:06 326998     /usr/lib/libXft.so.2.1.13
b6a04000-b6a05000 rw-p 00012000 08:06 326998     /usr/lib/libXft.so.2.1.13
b6a05000-b6a13000 r-xp 00000000 08:06 324953     /usr/lib/libXext.so.6.4.0
b6a13000-b6a14000 r--p 0000d000 08:06 324953     /usr/lib/libXext.so.6.4.0
b6a14000-b6a15000 rw-p 0000e000 08:06 324953     /usr/lib/libXext.so.6.4.0
b6a15000-b6a17000 r-xp 00000000 08:06 326221     /usr/lib/libXss.so.1.0.0
b6a17000-b6a19000 rw-p 00001000 08:06 326221     /usr/lib/libXss.so.1.0.0
b6a19000-b6b03000 r-xp 00000000 08:06 329845     /usr/lib/libX11.so.6.2.0
b6b03000-b6b04000 ---p 000ea000 08:06 329845     /usr/lib/libX11.so.6.2.0
b6b04000-b6b05000 r--p 000ea000 08:06 329845     /usr/lib/libX11.so.6.2.0
b6b05000-b6b07000 rw-p 000eb000 08:06 329845     /usr/lib/libX11.so.6.2.0
b6b07000-b6b09000 rw-p b6b07000 00:00 0 
b6b09000-b6b0b000 r-xp 00000000 08:06 926765     /lib/tls/i686/cmov/libutil-2.9.so
b6b0b000-b6b0c000 r--p 00001000 08:06 926765     /lib/tls/i686/cmov/libutil-2.9.so
b6b0c000-b6b0d000 rw-p 00002000 08:06 926765     /lib/tls/i686/cmov/libutil-2.9.so
b6b0d000-b6bfa000 r-xp 00000000 08:06 325123     /usr/lib/liblam.so.4.0
b6bfa000-b6bfc000 r--p 000ed000 08:06 325123     /usr/lib/liblam.so.4.0
b6bfc000-b6bfe000 rw-p 000ef000 08:06 325123     /usr/lib/liblam.so.4.0
b6bfe000-b6c10000 rw-p b6bfe000 00:00 0 
b6c10000-b6c32000 r-xp 00000000 08:06 325122     /usr/lib/liblam++.so.4.0
b6c32000-b6c34000 r--p 00022000 08:06 325122     /usr/lib/liblam++.so.4.0
b6c34000-b6c35000 rw-p 00024000 08:06 325122     /usr/lib/liblam++.so.4.0
b6c35000-b6c65000 r-xp 00000000 08:06 325124     /usr/lib/liblamio.so.4.0
b6c65000-b6c66000 r--p 0002f000 08:06 325124     /usr/lib/liblamio.so.4.0
b6c66000-b6c67000 rw-p 00030000 08:06 325124     /usr/lib/liblamio.so.4.0
b6c67000-b6d9c000 r-xp 00000000 08:06 326662     /usr/lib/libxml2.so.2.6.32
b6d9c000-b6d9d000 ---p 00135000 08:06 326662     /usr/lib/libxml2.so.2.6.32
b6d9d000-b6da1000 r--p 00135000 08:06 326662     /usr/lib/libxml2.so.2.6.32
b6da1000-b6da2000 rw-p 00139000 08:06 326662     /usr/lib/libxml2.so.2.6.32
b6da2000-b6da4000 rw-p b6da2000 00:00 0 
b6da4000-b6ea1000 r-xp 00000000 08:01 125020     /home/rhornig/omnetpp-4.0/lib/gcc/liboppnedxmld.so
b6ea1000-b6ea2000 r--p 000fc000 08:01 125020     /home/rhornig/omnetpp-4.0/lib/gcc/liboppnedxmld.so
b6ea2000-b6ea3000 rw-p 000fd000 08:01 125020     /home/rhornig/omnetpp-4.0/lib/gcc/liboppnedxmld.so
b6ea3000-b6ea4000 rw-p b6ea3000 00:00 0 
b6ea4000-b6eb8000 r-xp 00000000 08:06 1101102    /lib/libz.so.1.2.3.3
b6eb8000-b6eb9000 r--p 00013000 08:06 1101102    /lib/libz.so.1.2.3.3
b6eb9000-b6eba000 rw-p 00014000 08:06 1101102    /lib/libz.so.1.2.3.3
b6eba000-b6fb1000 r-xp 00000000 08:06 327684     /usr/lib/libtcl8.5.so.0
b6fb1000-b6fb3000 r--p 000f6000 08:06 327684     /usr/lib/libtcl8.5.so.0
b6fb3000-b6fbb000 rw-p 000f8000 08:06 327684     /usr/lib/libtcl8.5.so.0
b6fbb000-b70c5000 r-xp 00000000 08:06 327692     /usr/lib/libtk8.5.so.0
b70c5000-b70ca000 r--p 00109000 08:06 327692     /usr/lib/libtk8.5.so.0
b70ca000-b70d6000 rw-p 0010e000 08:06 327692     /usr/lib/libtk8.5.so.0
b70d6000-b7116000 r-xp 00000000 08:01 125026     /home/rhornig/omnetpp-4.0/lib/gcc/liboppcommond.so
b7116000-b7117000 r--p 0003f000 08:01 125026     /home/rhornig/omnetpp-4.0/lib/gcc/liboppcommond.so
b7117000-b7118000 rw-p 00040000 08:01 125026     /home/rhornig/omnetpp-4.0/lib/gcc/liboppcommond.so
b7118000-b712d000 r-xp 00000000 08:06 926759     /lib/tls/i686/cmov/libpthread-2.9.so
b712d000-b712e000 r--p 00014000 08:06 926759     /lib/tls/i686/cmov/libpthread-2.9.so
b712e000-b712f000 rw-p 00015000 08:06 926759     /lib/tls/i686/cmov/libpthread-2.9.so
b712f000-b7132000 rw-p b712f000 00:00 0 
b7132000-b728e000 r-xp 00000000 08:06 1263459    /lib/tls/i686/cmov/libc-2.9.so
b728e000-b728f000 ---p 0015c000 08:06 1263459    /lib/tls/i686/cmov/libc-2.9.so
b728f000-b7291000 r--p 0015c000 08:06 1263459    /lib/tls/i686/cmov/libc-2.9.so
b7291000-b7292000 rw-p 0015e000 08:06 1263459    /lib/tls/i686/cmov/libc-2.9.so
b7292000-b7295000 rw-p b7292000 00:00 0 
b7295000-b72a2000 r-xp 00000000 08:06 1101100    /lib/libgcc_s.so.1
b72a2000-b72a3000 r--p 0000c000 08:06 1101100    /lib/libgcc_s.so.1
b72a3000-b72a4000 rw-p 0000d000 08:06 1101100    /lib/libgcc_s.so.1
b72a4000-b72c8000 r-xp 00000000 08:06 924916     /lib/tls/i686/cmov/libm-2.9.so
b72c8000-b72c9000 r--p 00023000 08:06 924916     /lib/tls/i686/cmov/libm-2.9.so
b72c9000-b72ca000 rw-p 00024000 08:06 924916     /lib/tls/i686/cmov/libm-2.9.so
b72ca000-b73ae000 r-xp 00000000 08:06 323864     /usr/lib/libstdc++.so.6.0.10
b73ae000-b73b2000 r--p 000e3000 08:06 323864     /usr/lib/libstdc++.so.6.0.10
b73b2000-b73b3000 rw-p 000e7000 08:06 323864     /usr/lib/libstdc++.so.6.0.10
b73b3000-b73b9000 rw-p b73b3000 00:00 0 
b73b9000-b73bb000 r-xp 00000000 08:06 924915     /lib/tls/i686/cmov/libdl-2.9.so
b73bb000-b73bc000 r--p 00001000 08:06 924915     /lib/tls/i686/cmov/libdl-2.9.so
b73bc000-b73bd000 rw-p 00002000 08:06 924915     /lib/tls/i686/cmov/libdl-2.9.so
b73bd000-b73be000 rw-p b73bd000 00:00 0 
b73be000-b73c7000 r-xp 00000000 08:06 926755     /lib/tls/i686/cmov/libnss_nis-2.9.so
b73c7000-b73c8000 r--p 00008000 08:06 926755     /lib/tls/i686/cmov/libnss_nis-2.9.so
b73c8000-b73c9000 rw-p 00009000 08:06 926755     /lib/tls/i686/cmov/libnss_nis-2.9.so
b73c9000-b73d0000 r-xp 00000000 08:06 924920     /lib/tls/i686/cmov/libnss_compat-2.9.so
b73d0000-b73d1000 r--p 00006000 08:06 924920     /lib/tls/i686/cmov/libnss_compat-2.9.so
b73d1000-b73d2000 rw-p 00007000 08:06 924920     /lib/tls/i686/cmov/libnss_compat-2.9.so
b73d2000-b73d9000 r--s 00000000 08:06 326574     /usr/lib/gconv/gconv-modules.cache
b73d9000-b73db000 rw-p b73d9000 00:00 0 
b73db000-b75cd000 r-xp 00000000 08:01 125021     /home/rhornig/omnetpp-4.0/lib/gcc/liboppsimd.so
b75cd000-b75ce000 r--p 001f1000 08:01 125021     /home/rhornig/omnetpp-4.0/lib/gcc/liboppsimd.so
b75ce000-b75cf000 rw-p 001f2000 08:01 125021     /home/rhornig/omnetpp-4.0/lib/gcc/liboppsimd.so
b75cf000-b75d1000 rw-p b75cf000 00:00 0 
b75d1000-b75e0000 r-xp 00000000 08:01 125023     /home/rhornig/omnetpp-4.0/lib/gcc/liboppcmdenvd.so
b75e0000-b75e1000 r--p 0000e000 08:01 125023     /home/rhornig/omnetpp-4.0/lib/gcc/liboppcmdenvd.so
b75e1000-b75e2000 rw-p 0000f000 08:01 125023     /home/rhornig/omnetpp-4.0/lib/gcc/liboppcmdenvd.so
b75e2000-b762e000 r-xp 00000000 08:01 125027     /home/rhornig/omnetpp-4.0/lib/gcc/libopplayoutd.so
b762e000-b762f000 r--p 0004b000 08:01 125027     /home/rhornig/omnetpp-4.0/lib/gcc/libopplayoutd.so
b762f000-b7630000 rw-p 0004c000 08:01 125027     /home/rhornig/omnetpp-4.0/lib/gcc/libopplayoutd.so
b7630000-b76e8000 r-xp 00000000 08:01 125024     /home/rhornig/omnetpp-4.0/lib/gcc/liboppenvird.so
b76e8000-b76e9000 r--p 000b7000 08:01 125024     /home/rhornig/omnetpp-4.0/lib/gcc/liboppenvird.so
b76e9000-b76ea000 rw-p 000b8000 08:01 125024     /home/rhornig/omnetpp-4.0/lib/gcc/liboppenvird.so
b76ea000-b7754000 r-xp 00000000 08:01 125025     /home/rhornig/omnetpp-4.0/lib/gcc/libopptkenvd.so
b7754000-b7755000 r--p 00069000 08:01 125025     /home/rhornig/omnetpp-4.0/lib/gcc/libopptkenvd.so
b7755000-b77c2000 rw-p 0006a000 08:01 125025     /home/rhornig/omnetpp-4.0/lib/gcc/libopptkenvd.so
b77c2000-b77c7000 rw-p b77c2000 00:00 0 
b77c7000-b7c2c000 r-xp 00000000 08:06 649085     /usr/lib/jvm/java-6-sun-1.6.0.14/jre/lib/i386/client/libjvm.so
b7c2c000-b7c4c000 rw-p 00465000 08:06 649085     /usr/lib/jvm/java-6-sun-1.6.0.14/jre/lib/i386/client/libjvm.so
b7c4c000-b806e000 rw-p b7c4c000 00:00 0 
b806e000-b806f000 r-xp b806e000 00:00 0          [vdso]
b806f000-b808b000 r-xp 00000000 08:06 194577     /lib/ld-2.9.so
b808b000-b808c000 r--p 0001b000 08:06 194577     /lib/ld-2.9.so
b808c000-b808d000 rw-p 0001c000 08:06 194577     /lib/ld-2.9.so
bf83c000-bf83f000 ---p bf83c000 00:00 0 
bf83f000-bf88c000 rwxp bffb2000 00:00 0          [stack]
bf88c000-bf88d000 rw-p bffff000 00:00 0 

VM Arguments:
jvm_args: -Djava.library.path=. 
java_command: <unknown>
Launcher Type: generic

Environment Variables:
CLASSPATH=/home/rhornig/omnetpp-4.0/samples/queueing/jqueue/bin;/home/rhornig/omnetpp-4.0/samples/jsimplemodule/jsimple/out/classes
PATH=/home/rhornig/omnetpp-4.0/bin::/home/rhornig/omnetpp-4.0/bin:/home/rhornig/bin:/usr/local/sbin:/usr/local/bin:/usr/sbin:/usr/bin:/sbin:/bin:/usr/games:/home/rhornig/android-sdk/tools
LD_LIBRARY_PATH=/home/rhornig/omnetpp-4.0/lib::/usr/lib/jvm/java-6-sun-1.6.0.14/jre/lib/i386/client:/usr/lib/jvm/java-6-sun-1.6.0.14/jre/lib/i386:/home/rhornig/omnetpp-4.0/lib::/usr/lib/xulrunner-addons:/usr/lib/xulrunner-addons
SHELL=/bin/bash
DISPLAY=:0.0

Signal Handlers:
SIGSEGV: [libjvm.so+0x3fc070], sa_mask[0]=0x7ffbfeff, sa_flags=0x10000004
SIGBUS: [libjvm.so+0x3fc070], sa_mask[0]=0x7ffbfeff, sa_flags=0x10000004
SIGFPE: [libjvm.so+0x325d30], sa_mask[0]=0x7ffbfeff, sa_flags=0x10000004
SIGPIPE: [libjvm.so+0x325d30], sa_mask[0]=0x7ffbfeff, sa_flags=0x10000004
SIGXFSZ: [libjvm.so+0x325d30], sa_mask[0]=0x7ffbfeff, sa_flags=0x10000004
SIGILL: [libjvm.so+0x325d30], sa_mask[0]=0x7ffbfeff, sa_flags=0x10000004
SIGUSR1: SIG_DFL, sa_mask[0]=0x00000000, sa_flags=0x00000000
SIGUSR2: [libjvm.so+0x328920], sa_mask[0]=0x00000004, sa_flags=0x10000004
SIGHUP: [libjvm.so+0x328650], sa_mask[0]=0x7ffbfeff, sa_flags=0x10000004
SIGINT: [libjvm.so+0x328650], sa_mask[0]=0x7ffbfeff, sa_flags=0x10000004
SIGTERM: [libjvm.so+0x328650], sa_mask[0]=0x7ffbfeff, sa_flags=0x10000004
SIGQUIT: [libjvm.so+0x328650], sa_mask[0]=0x7ffbfeff, sa_flags=0x10000004


---------------  S Y S T E M  ---------------

OS:5.0

uname:Linux 2.6.28-13-generic #45-Ubuntu SMP Tue Jun 30 19:49:51 UTC 2009 i686
libc:glibc 2.9 NPTL 2.9 
rlimit: STACK 8192k, CORE 0k, NPROC infinity, NOFILE 1024, AS infinity
load average:0.56 0.47 0.35

CPU:total 2 (2 cores per cpu, 1 threads per core) family 6 model 15 stepping 6, cmov, cx8, fxsr, mmx, sse, sse2, sse3, ssse3

Memory: 4k page, physical 1025164k(40872k free), swap 1799240k(1625192k free)

vm_info: Java HotSpot(TM) Client VM (14.0-b16) for linux-x86 JRE (1.6.0_14-b08), built on May 21 2009 02:01:47 by "java_re" with gcc 3.2.1-7a (J2SE release)

time: Thu Jul 30 16:11:49 2009
elapsed time: 0 seconds

